\BOOKMARK [1][-]{section.1}{\376\377\000I\000n\000t\000r\000o\000d\000u\000c\000t\000i\000o\000n}{}% 1
\BOOKMARK [1][-]{section.2}{\376\377\000T\000i\000g\000h\000t\000\040\000B\000i\000n\000d\000i\000n\000g\000\040\000M\000o\000d\000e\000l}{}% 2
\BOOKMARK [2][-]{subsection.2.1}{\376\377\000P\000o\000i\000s\000o\000n\000\040\000s\000u\000m\000m\000a\000t\000i\000o\000n}{section.2}% 3
\BOOKMARK [2][-]{subsection.2.2}{\376\377\000B\000a\000n\000d\000\040\000s\000t\000a\000t\000e}{section.2}% 4
\BOOKMARK [3][-]{subsubsection.2.2.1}{\376\377\000B\000l\000o\000c\000h\000\040\000s\000t\000a\000t\000e\000\040\000|\000\040\000n\000b\000o\000l\000d\0000\000m\000u\000\040\000m\000u\000m\000u\000\040\000k\000k\000s\000u\000b\000s\000u\000b\000s\000e\000c\000t\000i\000o\000n\000k\000k\000k\000k\000\040}{subsection.2.2}% 5
\BOOKMARK [3][-]{subsubsection.2.2.2}{\376\377\000|\000\040\000u\000n\000b\000o\000l\000d\0000\000m\000u\000\040\000m\000u\000m\000u\000\040\000k\000k\000s\000u\000b\000s\000u\000b\000s\000e\000c\000t\000i\000o\000n\000k\000k\000k\000k\000\040\000=\000\040\000e\000-\000i\000b\000o\000l\000d\0000\000m\000u\000\040\000m\000u\000m\000u\000\040\000k\000k\000s\000u\000b\000s\000u\000b\000s\000e\000c\000t\000i\000o\000n\000k\000k\000k\000k\000\040\000\040\000|\000\040\000n\000b\000o\000l\000d\0000\000m\000u\000\040\000m\000u\000m\000u\000\040\000k\000k\000s\000u\000b\000s\000u\000b\000s\000e\000c\000t\000i\000o\000n\000k\000k\000k\000k\000\040}{subsection.2.2}% 6
\BOOKMARK [2][-]{subsection.2.3}{\376\377\000F\000i\000n\000i\000t\000e\000\040\000c\000a\000s\000e}{section.2}% 7
\BOOKMARK [2][-]{subsection.2.4}{\376\377\000T\000o\000p\000o\000l\000o\000g\000y}{section.2}% 8
\BOOKMARK [1][-]{section.3}{\376\377\000E\000x\000c\000i\000t\000o\000n\000i\000c\000\040\000M\000o\000d\000e\000l}{}% 9
\BOOKMARK [2][-]{subsection.3.1}{\376\377\000B\000S\000E\000\040\000b\000a\000s\000e\000d\000\040\000o\000n\000\040\000e\000l\000e\000c\000t\000r\000o\000n\000i\000c\000\040\000w\000a\000n\000n\000i\000e\000r\000\040\000b\000a\000s\000i\000s}{section.3}% 10
\BOOKMARK [3][-]{subsubsection.3.1.1}{\376\377\000E\000x\000c\000i\000t\000o\000n\000i\000c\000\040\000B\000l\000o\000c\000h\000\040\000s\000t\000a\000t\000e}{subsection.3.1}% 11
\BOOKMARK [3][-]{subsubsection.3.1.2}{\376\377\000B\000S\000E}{subsection.3.1}% 12
\BOOKMARK [3][-]{subsubsection.3.1.3}{\376\377\000K\000e\000r\000n\000a\000l\000\040\000u\000n\000d\000e\000r\000\040\000U\000J\000\040\000a\000p\000p\000r\000o\000x\000i\000m\000a\000t\000i\000o\000n}{subsection.3.1}% 13
\BOOKMARK [3][-]{subsubsection.3.1.4}{\376\377\000H\000a\000n\000d\000l\000e\000\040\000t\000h\000e\000\040\000d\000i\000v\000e\000r\000g\000e\000n\000c\000y\000\040\000i\000n\000\040\000K\000e\000r\000n\000a\000l}{subsection.3.1}% 14
\BOOKMARK [2][-]{subsection.3.2}{\376\377\000E\000x\000c\000i\000t\000o\000n\000i\000c\000\040\000B\000a\000n\000d\000\040\000s\000t\000a\000t\000e}{section.3}% 15
\BOOKMARK [3][-]{subsubsection.3.2.1}{\376\377\000B\000l\000o\000c\000h\000\040\000s\000t\000a\000t\000e\000\040\000|\000\040\000b\000o\000l\000d\0000\000m\000u\000\040\000m\000u\000m\000u\000\040\000q\000q\000s\000u\000b\000s\000u\000b\000s\000e\000c\000t\000i\000o\000n\000q\000q\000q\000q\000\040}{subsection.3.2}% 16
\BOOKMARK [3][-]{subsubsection.3.2.2}{\376\377\000|\000\040\000u\000b\000o\000l\000d\0000\000m\000u\000\040\000m\000u\000m\000u\000\040\000q\000q\000s\000u\000b\000s\000u\000b\000s\000e\000c\000t\000i\000o\000n\000q\000q\000q\000q\000\040\000=\000\040\000e\000-\000i\000b\000o\000l\000d\0000\000m\000u\000\040\000m\000u\000m\000u\000\040\000q\000q\000s\000u\000b\000s\000u\000b\000s\000e\000c\000t\000i\000o\000n\000q\000q\000q\000q\000\040\0000\000\040\000|\000\040\000b\000o\000l\000d\0000\000m\000u\000\040\000m\000u\000m\000u\000\040\000q\000q\000s\000u\000b\000s\000u\000b\000s\000e\000c\000t\000i\000o\000n\000q\000q\000q\000q\000\040}{subsection.3.2}% 17
\BOOKMARK [2][-]{subsection.3.3}{\376\377\000E\000x\000c\000i\000t\000o\000n\000i\000c\000\040\000T\000o\000p\000o\000l\000o\000g\000y}{section.3}% 18
\BOOKMARK [3][-]{subsubsection.3.3.1}{\376\377\000B\000e\000r\000r\000y\000\040\000C\000o\000n\000n\000e\000c\000t\000i\000o\000n}{subsection.3.3}% 19
\BOOKMARK [3][-]{subsubsection.3.3.2}{\376\377\000B\000e\000r\000r\000y\000\040\000C\000u\000r\000v\000a\000t\000u\000r\000e}{subsection.3.3}% 20
\BOOKMARK [1][-]{section.4}{\376\377\000D\000i\000r\000e\000c\000t\000\040\000t\000e\000r\000m\000\040\000b\000e\000t\000w\000e\000e\000n\000\040\000w\000a\000n\000n\000i\000e\000r\000\040\000f\000u\000n\000c\000t\000i\000o\000n\000s}{}% 21
\BOOKMARK [2][-]{subsection.4.1}{\376\377\000L\000o\000n\000g\000-\000r\000a\000n\000g\000e\000\040\000p\000a\000r\000t}{section.4}% 22
\BOOKMARK [2][-]{subsection.4.2}{\376\377\000M\000i\000r\000r\000o\000r\000\040\000C\000o\000r\000r\000e\000c\000t\000i\000o\000n}{section.4}% 23
\BOOKMARK [1][-]{appendix.A}{\376\377\000F\000o\000u\000r\000i\000e\000r\000\040\000t\000r\000a\000n\000s\000f\000o\000r\000m\000\040\000o\000f\000\040\000a\000\040\000s\000u\000m\000\040\000f\000u\000n\000c\000t\000i\000o\000n}{}% 24
\BOOKMARK [1][-]{appendix.B}{\376\377\000G\000a\000u\000s\000s\000i\000a\000n\000\040\000p\000o\000t\000e\000n\000t\000i\000a\000l}{}% 25
\BOOKMARK [2][-]{subsection.B.1}{\376\377\000F\000o\000u\000r\000i\000e\000r\000\040\000t\000r\000a\000n\000s\000f\000o\000r\000m\000a\000t\000i\000o\000n}{appendix.B}% 26
